<?xml version="1.0" encoding="UTF-8"?>
<!-- Generated by org.testng.reporters.JUnitReportReporter -->
<testsuite hostname="DESKTOP-6C0L59N" failures="0" tests="2" name="modules.UVTest" time="0.009" errors="0" timestamp="8 Jan 2024 17:02:46 GMT">
  <testcase classname="modules.UVTest" name="TC_2" time="0.000"/>
  <testcase classname="modules.UVTest" name="TC_1" time="0.009"/>
</testsuite> <!-- modules.UVTest -->
