<?xml version="1.0" encoding="UTF-8"?>
<!-- Generated by org.testng.reporters.JUnitReportReporter -->
<testsuite hostname="DESKTOP-6C0L59N" failures="0" tests="2" name="modules.OpenAmazanThroughFrameWork" time="7.488" errors="0" timestamp="8 Jan 2024 09:41:38 GMT">
  <testcase classname="modules.OpenAmazanThroughFrameWork" name="TC3" time="7.418"/>
  <testcase classname="modules.OpenAmazanThroughFrameWork" name="TC4" time="0.070"/>
</testsuite> <!-- modules.OpenAmazanThroughFrameWork -->
