<?xml version="1.0" encoding="UTF-8"?>
<!-- Generated by org.testng.reporters.JUnitReportReporter -->
<testsuite hostname="DESKTOP-6C0L59N" failures="0" tests="1" name="modules.SampleProgramThroughFrameWork" time="5.065" errors="0" timestamp="5 Jan 2024 03:20:42 GMT">
  <testcase classname="modules.SampleProgramThroughFrameWork" name="TC1" time="5.065"/>
</testsuite> <!-- modules.SampleProgramThroughFrameWork -->
